<?xml version="1.0" encoding="UTF-8"?>
<!-- Generated by org.testng.reporters.JUnitXMLReporter -->
<testsuite hostname="admin-PC" ignored="2" name="Default test" tests="1" failures="0" timestamp="2020-10-14T21:21:50 IST" time="138.785" errors="0">
  <testcase name="verifyHomePageTitleTest" time="0.891" classname="com.cogmento.qa.testcases.HomePageTest"/>
  <testcase name="verifyUserNameLabelTest" time="0.0" classname="com.cogmento.qa.testcases.HomePageTest">
    <ignored/>
  </testcase> <!-- verifyUserNameLabelTest -->
  <testcase name="contactsPageLinkTest" time="0.0" classname="com.cogmento.qa.testcases.HomePageTest">
    <ignored/>
  </testcase> <!-- contactsPageLinkTest -->
</testsuite> <!-- Default test -->
