<?xml version="1.0" encoding="UTF-8"?>
<!-- Generated by org.testng.reporters.JUnitXMLReporter -->
<testsuite hostname="admin-PC" ignored="0" name="HomePageRegressionTest" tests="12" failures="0" timestamp="2020-10-05T18:55:22 IST" time="232.529" errors="0">
  <testcase name="getTitleTest" time="0.0" classname="com.cogmento.qa.testcases.LandingPageTest">
    <skipped/>
  </testcase> <!-- getTitleTest -->
  <testcase name="sloganTextTest" time="0.0" classname="com.cogmento.qa.testcases.LandingPageTest">
    <skipped/>
  </testcase> <!-- sloganTextTest -->
  <testcase name="signUpBtnTest" time="0.0" classname="com.cogmento.qa.testcases.LandingPageTest">
    <skipped/>
  </testcase> <!-- signUpBtnTest -->
  <testcase name="loginBtnTest" time="0.0" classname="com.cogmento.qa.testcases.LandingPageTest">
    <skipped/>
  </testcase> <!-- loginBtnTest -->
  <testcase name="verifyContactsLabelTest" time="0.0" classname="com.cogmento.qa.testcases.ContactsPageTest">
    <skipped/>
  </testcase> <!-- verifyContactsLabelTest -->
  <testcase name="clickSelectAllCBTest" time="0.0" classname="com.cogmento.qa.testcases.ContactsPageTest">
    <skipped/>
  </testcase> <!-- clickSelectAllCBTest -->
  <testcase name="loginTest" time="0.0" classname="com.cogmento.qa.testcases.LoginPageTest">
    <skipped/>
  </testcase> <!-- loginTest -->
  <testcase name="forgotPasswordLinkTest" time="0.0" classname="com.cogmento.qa.testcases.LoginPageTest">
    <skipped/>
  </testcase> <!-- forgotPasswordLinkTest -->
  <testcase name="signupLinkTest" time="0.0" classname="com.cogmento.qa.testcases.LoginPageTest">
    <skipped/>
  </testcase> <!-- signupLinkTest -->
  <testcase name="contactsPageLinkTest" time="10.025" classname="com.cogmento.qa.testcases.HomePageTest"/>
  <testcase name="verifyHomePageTitleTest" time="0.017" classname="com.cogmento.qa.testcases.HomePageTest"/>
  <testcase name="verifyUserNameLabelTest" time="3.637" classname="com.cogmento.qa.testcases.HomePageTest"/>
</testsuite> <!-- HomePageRegressionTest -->
