<?xml version="1.0" encoding="UTF-8"?>
<!-- Generated by org.testng.reporters.JUnitXMLReporter -->
<testsuite hostname="admin-PC" ignored="0" name="LandingPageRegressionTest" tests="4" failures="0" timestamp="2020-10-05T18:51:30 IST" time="123.924" errors="0">
  <testcase name="getTitleTest" time="0.0" classname="com.cogmento.qa.testcases.LandingPageTest">
    <skipped/>
  </testcase> <!-- getTitleTest -->
  <testcase name="sloganTextTest" time="0.0" classname="com.cogmento.qa.testcases.LandingPageTest">
    <skipped/>
  </testcase> <!-- sloganTextTest -->
  <testcase name="signUpBtnTest" time="0.0" classname="com.cogmento.qa.testcases.LandingPageTest">
    <skipped/>
  </testcase> <!-- signUpBtnTest -->
  <testcase name="loginBtnTest" time="0.0" classname="com.cogmento.qa.testcases.LandingPageTest">
    <skipped/>
  </testcase> <!-- loginBtnTest -->
</testsuite> <!-- LandingPageRegressionTest -->
