<?xml version="1.0" encoding="UTF-8"?>
<testng-results skipped="0" failed="0" ignored="2" total="3" passed="1">
  <reporter-output>
  </reporter-output>
  <suite name="Default suite" duration-ms="138785" started-at="2020-10-14T21:19:30 IST" finished-at="2020-10-14T21:21:49 IST">
    <groups>
    </groups>
    <test name="Default test" duration-ms="138785" started-at="2020-10-14T21:19:30 IST" finished-at="2020-10-14T21:21:49 IST">
      <class name="com.cogmento.qa.testcases.HomePageTest">
        <test-method status="PASS" signature="setUp()[pri:0, instance:com.cogmento.qa.testcases.HomePageTest@48ae9b55]" name="setUp" is-config="true" duration-ms="129110" started-at="2020-10-14T21:19:30 IST" finished-at="2020-10-14T21:21:39 IST">
          <reporter-output>
          </reporter-output>
        </test-method> <!-- setUp -->
        <test-method status="PASS" signature="verifyHomePageTitleTest()[pri:0, instance:com.cogmento.qa.testcases.HomePageTest@48ae9b55]" name="verifyHomePageTitleTest" duration-ms="891" started-at="2020-10-14T21:21:39 IST" finished-at="2020-10-14T21:21:40 IST">
          <reporter-output>
          </reporter-output>
        </test-method> <!-- verifyHomePageTitleTest -->
        <test-method status="PASS" signature="tearDown()[pri:0, instance:com.cogmento.qa.testcases.HomePageTest@48ae9b55]" name="tearDown" is-config="true" duration-ms="8254" started-at="2020-10-14T21:21:40 IST" finished-at="2020-10-14T21:21:48 IST">
          <reporter-output>
          </reporter-output>
        </test-method> <!-- tearDown -->
      </class> <!-- com.cogmento.qa.testcases.HomePageTest -->
    </test> <!-- Default test -->
  </suite> <!-- Default suite -->
</testng-results>
